<?xml version="1.0" encoding="UTF-8"?>
<!-- Generated by org.testng.reporters.JUnitReportReporter -->
<testsuite hostname="LAPTOP-L4BCUUKM" name="demo1.DemoOne" tests="1" failures="0" timestamp="19 Feb 2020 05:21:15 GMT" time="7.604" errors="0">
  <testcase name="display" time="7.604" classname="demo1.DemoOne"/>
</testsuite> <!-- demo1.DemoOne -->
